<?xml version="1.0" encoding="UTF-8"?>
<testsuite xmlns:xsi="http://www.w3.org/2001/XMLSchema-instance" xsi:noNamespaceSchemaLocation="https://maven.apache.org/surefire/maven-surefire-plugin/xsd/surefire-test-report-3.0.xsd" version="3.0" name="com.mycompany.junit.miCoinSuite" time="0.03" tests="7" errors="0" skipped="0" failures="0">
  <properties>
[...]
</properties>
  <testcase name="test2" classname="com.mycompany.junit.ConversorTest" time="0.0">
    <system-out><![CDATA[Welcome to the jungle!!
Before()
test2
Prueba Finalizada!, campos en 0
]]></system-out>
  </testcase>
  <testcase name="test1" classname="com.mycompany.junit.ConversorTest" time="0.001">
    <system-out><![CDATA[Before()
test1
Prueba Finalizada!, campos en 0
]]></system-out>
  </testcase>
  <testcase name="cotizarCero" classname="com.mycompany.junit.cotizacionTest" time="0.0">
    <system-out><![CDATA[La operacion a finalizado!
]]></system-out>
  </testcase>
  <testcase name="testCotizarCero[0]" classname="com.mycompany.junit.dolaritosTest" time="0.001">
    <system-out><![CDATA[Before
TestCotizarCero
]]></system-out>
  </testcase>
  <testcase name="testCotizarCero[1]" classname="com.mycompany.junit.dolaritosTest" time="0.0">
    <system-out><![CDATA[Before
TestCotizarCero
]]></system-out>
  </testcase>
  <testcase name="testCotizarCero[2]" classname="com.mycompany.junit.dolaritosTest" time="0.001">
    <system-out><![CDATA[Before
TestCotizarCero
]]></system-out>
  </testcase>
  <testcase name="testCotizarCero[3]" classname="com.mycompany.junit.dolaritosTest" time="0.0">
    <system-out><![CDATA[Before
TestCotizarCero
]]></system-out>
  </testcase>
</testsuite>